<?xml version="1.0" encoding="UTF-8"?>
<!-- Generated by org.testng.reporters.JUnitXMLReporter -->
<testsuite hostname="samsung-PC" ignored="0" name="Test" tests="6" failures="0" timestamp="05 Oct 2018 18:38:07 GMT" time="21.133" errors="0">
  <testcase name="f" time="0.013" classname="com.selenium.sample.project.one.TESTNG"/>
  <testcase name="f" time="0.004" classname="com.selenium.sample.project.one.TESTNG"/>
  <testcase name="clickLoginBtn" time="1.323" classname="com.selenium.sample.project.one.LoginPage"/>
  <testcase name="clickOnTime" time="2.733" classname="com.selenium.sample.project.one.LoginPage"/>
  <testcase name="testOnTimeSheet" time="0.97" classname="com.selenium.sample.project.one.LoginPage"/>
  <testcase name="post" time="14.19" classname="com.selenium.sample.project.one.orlooSpammer"/>
</testsuite> <!-- Test -->
