<?xml version="1.0" encoding="UTF-8"?>
<testng-results skipped="0" failed="0" ignored="0" total="1" passed="1">
  <reporter-output>
  </reporter-output>
  <suite name="Default suite" duration-ms="16969" started-at="2018-10-05T20:49:13Z" finished-at="2018-10-05T20:49:30Z">
    <groups>
    </groups>
    <test name="Default test" duration-ms="16969" started-at="2018-10-05T20:49:13Z" finished-at="2018-10-05T20:49:30Z">
      <class name="com.selenium.basicTest.part1.orlooSpammer">
        <test-method status="PASS" signature="post()[pri:0, instance:com.selenium.basicTest.part1.orlooSpammer@194bcebf]" name="post" duration-ms="16937" started-at="2018-10-05T20:49:13Z" finished-at="2018-10-05T20:49:30Z">
          <reporter-output>
          </reporter-output>
        </test-method> <!-- post -->
      </class> <!-- com.selenium.basicTest.part1.orlooSpammer -->
    </test> <!-- Default test -->
  </suite> <!-- Default suite -->
</testng-results>
